<?xml version="1.0" encoding="UTF-8"?>
<!-- Generated by org.testng.reporters.JUnitReportReporter -->
<testsuite hostname="fernando-inspiron-5537" name="example.NewTest" tests="1" failures="1" timestamp="2 Jan 2019 19:01:43 GMT" time="0.001" errors="0">
  <testcase name="myTest" time="0.001" classname="example.NewTest">
    <failure type="org.openqa.selenium.WebDriverException" message="Failed to connect to binary FirefoxBinary(/usr/bin/firefox) on port 7055; process output follows: 
	Loading bootstrap scope from /usr/lib/firefox/browser/extensions/langpack-pt-BR@firefox.mozilla.org.xpi
1546455658552	addons.xpi	DEBUG	Calling bootstrap method startup on langpack-pt-BR@firefox.mozilla.org version 64.0
1546455658553	addons.xpi	DEBUG	Loading bootstrap scope from /usr/lib/firefox/browser/extensions/langpack-pt-PT@firefox.mozilla.org.xpi
1546455658553	addons.xpi	DEBUG	Calling bootstrap method startup on langpack-pt-PT@firefox.mozilla.org version 64.0
1546455658553	addons.xpi	DEBUG	Loading bootstrap scope from /usr/lib/firefox/browser/features/screenshots@mozilla.org.xpi
1546455658554	addons.xpi	DEBUG	Calling bootstrap method startup on screenshots@mozilla.org version 35.0.0
1546455658554	addons.xpi	DEBUG	Loading bootstrap scope from /usr/lib/firefox/browser/features/webcompat@mozilla.org.xpi
1546455658554	addons.xpi	DEBUG	Calling bootstrap method startup on webcompat@mozilla.org version 3.0.0
1546455658555	addons.manager	DEBUG	Registering shutdown blocker for XPIProvider
1546455658556	addons.manager	DEBUG	Provider finished startup: XPIProvider
1546455658556	addons.manager	DEBUG	Starting provider: LightweightThemeManager
1546455658556	addons.manager	DEBUG	Registering shutdown blocker for LightweightThemeManager
1546455658556	addons.manager	DEBUG	Provider finished startup: LightweightThemeManager
1546455658556	addons.manager	DEBUG	Starting provider: GMPProvider
1546455658557	addons.manager	DEBUG	Registering shutdown blocker for GMPProvider
1546455658557	addons.manager	DEBUG	Provider finished startup: GMPProvider
1546455658557	addons.manager	DEBUG	Starting provider: PluginProvider
1546455658557	addons.manager	DEBUG	Registering shutdown blocker for PluginProvider
1546455658558	addons.manager	DEBUG	Provider finished startup: PluginProvider
1546455658560	addons.manager	DEBUG	Completed startup sequence

(firefox:16964): Gtk-WARNING **: 17:00:58.663: Theme parsing error: &lt;data&gt;:1:31: Expected &#039;)&#039; in color definition

(firefox:16964): Gtk-WARNING **: 17:00:58.663: Theme parsing error: &lt;data&gt;:1:75: Expected &#039;)&#039; in color definition
1546455659891	addons.xpi-utils	DEBUG	Starting async load of XPI database /tmp/anonymous5795860199391908305webdriver-profile/extensions.json
1546455659910	addons.xpi	DEBUG	Ignoring file: name is not a valid add-on ID: /tmp/anonymous5795860199391908305webdriver-profile/extensions/webdriver-staging
1546455659911	addons.xpi	DEBUG	Existing add-on formautofill@mozilla.org in app-system-defaults
1546455659911	addons.xpi	DEBUG	Existing add-on screenshots@mozilla.org in app-system-defaults
1546455659911	addons.xpi	DEBUG	Existing add-on webcompat-reporter@mozilla.org in app-system-defaults
1546455659911	addons.xpi	DEBUG	Existing add-on webcompat@mozilla.org in app-system-defaults
1546455659912	addons.xpi	DEBUG	Existing add-on langpack-pt-PT@firefox.mozilla.org in app-global
1546455659912	addons.xpi	DEBUG	Existing add-on langpack-en-CA@firefox.mozilla.org in app-global
1546455659912	addons.xpi	DEBUG	Existing add-on langpack-pt-BR@firefox.mozilla.org in app-global
1546455659912	addons.xpi	DEBUG	Existing add-on langpack-en-GB@firefox.mozilla.org in app-global
1546455659912	addons.xpi	DEBUG	Existing add-on langpack-en-ZA@firefox.mozilla.org in app-global
1546455659913	addons.xpi	DEBUG	scanForChanges changed: false, state: {}
1546455660042	addons.xpi-utils	DEBUG	Finished async read of XPI database, parsing...
*** Blocklist::_loadFileInternal: blocklist is disabled
1546455660147	addons.xpi-utils	DEBUG	Successfully read XPI database
1546455660260	addons.manager	DEBUG	Registering upgrade listener for formautofill@mozilla.org
1546455679950	addons.productaddons	INFO	sending request to: https://aus5.mozilla.org/update/3/GMP/64.0/20181207224759/Linux_x86_64-gcc3/null/release-cck-ubuntu/Linux%204.18.0-13-generic%20(GTK%203.24.1%2Clibpulse%2012.2.0)/canonical/1.0/update.xml
1546455680810	addons.productaddons	INFO	Completed downloading document
1546455682238	addons.productaddons	INFO	downloadXHR File download. status=200
1546455682295	addons.productaddons	INFO	Downloaded file will be saved to /tmp/tmpaddon-983152

Build info: version: &#039;2.45.0&#039;, revision: &#039;5017cb8e7ca8e37638dc3091b2440b90a1d8686f&#039;, time: &#039;2015-02-27 09:10:26&#039;
System info: host: &#039;fernando-inspiron-5537&#039;, ip: &#039;10.19.2.234&#039;, os.name: &#039;Linux&#039;, os.arch: &#039;amd64&#039;, os.version: &#039;4.18.0-13-generic&#039;, java.version: &#039;1.8.0_191&#039;
Driver info: driver.version: FirefoxDriver">
      <![CDATA[org.openqa.selenium.WebDriverException: Failed to connect to binary FirefoxBinary(/usr/bin/firefox) on port 7055; process output follows: 
	Loading bootstrap scope from /usr/lib/firefox/browser/extensions/langpack-pt-BR@firefox.mozilla.org.xpi
1546455658552	addons.xpi	DEBUG	Calling bootstrap method startup on langpack-pt-BR@firefox.mozilla.org version 64.0
1546455658553	addons.xpi	DEBUG	Loading bootstrap scope from /usr/lib/firefox/browser/extensions/langpack-pt-PT@firefox.mozilla.org.xpi
1546455658553	addons.xpi	DEBUG	Calling bootstrap method startup on langpack-pt-PT@firefox.mozilla.org version 64.0
1546455658553	addons.xpi	DEBUG	Loading bootstrap scope from /usr/lib/firefox/browser/features/screenshots@mozilla.org.xpi
1546455658554	addons.xpi	DEBUG	Calling bootstrap method startup on screenshots@mozilla.org version 35.0.0
1546455658554	addons.xpi	DEBUG	Loading bootstrap scope from /usr/lib/firefox/browser/features/webcompat@mozilla.org.xpi
1546455658554	addons.xpi	DEBUG	Calling bootstrap method startup on webcompat@mozilla.org version 3.0.0
1546455658555	addons.manager	DEBUG	Registering shutdown blocker for XPIProvider
1546455658556	addons.manager	DEBUG	Provider finished startup: XPIProvider
1546455658556	addons.manager	DEBUG	Starting provider: LightweightThemeManager
1546455658556	addons.manager	DEBUG	Registering shutdown blocker for LightweightThemeManager
1546455658556	addons.manager	DEBUG	Provider finished startup: LightweightThemeManager
1546455658556	addons.manager	DEBUG	Starting provider: GMPProvider
1546455658557	addons.manager	DEBUG	Registering shutdown blocker for GMPProvider
1546455658557	addons.manager	DEBUG	Provider finished startup: GMPProvider
1546455658557	addons.manager	DEBUG	Starting provider: PluginProvider
1546455658557	addons.manager	DEBUG	Registering shutdown blocker for PluginProvider
1546455658558	addons.manager	DEBUG	Provider finished startup: PluginProvider
1546455658560	addons.manager	DEBUG	Completed startup sequence

(firefox:16964): Gtk-WARNING **: 17:00:58.663: Theme parsing error: <data>:1:31: Expected ')' in color definition

(firefox:16964): Gtk-WARNING **: 17:00:58.663: Theme parsing error: <data>:1:75: Expected ')' in color definition
1546455659891	addons.xpi-utils	DEBUG	Starting async load of XPI database /tmp/anonymous5795860199391908305webdriver-profile/extensions.json
1546455659910	addons.xpi	DEBUG	Ignoring file: name is not a valid add-on ID: /tmp/anonymous5795860199391908305webdriver-profile/extensions/webdriver-staging
1546455659911	addons.xpi	DEBUG	Existing add-on formautofill@mozilla.org in app-system-defaults
1546455659911	addons.xpi	DEBUG	Existing add-on screenshots@mozilla.org in app-system-defaults
1546455659911	addons.xpi	DEBUG	Existing add-on webcompat-reporter@mozilla.org in app-system-defaults
1546455659911	addons.xpi	DEBUG	Existing add-on webcompat@mozilla.org in app-system-defaults
1546455659912	addons.xpi	DEBUG	Existing add-on langpack-pt-PT@firefox.mozilla.org in app-global
1546455659912	addons.xpi	DEBUG	Existing add-on langpack-en-CA@firefox.mozilla.org in app-global
1546455659912	addons.xpi	DEBUG	Existing add-on langpack-pt-BR@firefox.mozilla.org in app-global
1546455659912	addons.xpi	DEBUG	Existing add-on langpack-en-GB@firefox.mozilla.org in app-global
1546455659912	addons.xpi	DEBUG	Existing add-on langpack-en-ZA@firefox.mozilla.org in app-global
1546455659913	addons.xpi	DEBUG	scanForChanges changed: false, state: {}
1546455660042	addons.xpi-utils	DEBUG	Finished async read of XPI database, parsing...
*** Blocklist::_loadFileInternal: blocklist is disabled
1546455660147	addons.xpi-utils	DEBUG	Successfully read XPI database
1546455660260	addons.manager	DEBUG	Registering upgrade listener for formautofill@mozilla.org
1546455679950	addons.productaddons	INFO	sending request to: https://aus5.mozilla.org/update/3/GMP/64.0/20181207224759/Linux_x86_64-gcc3/null/release-cck-ubuntu/Linux%204.18.0-13-generic%20(GTK%203.24.1%2Clibpulse%2012.2.0)/canonical/1.0/update.xml
1546455680810	addons.productaddons	INFO	Completed downloading document
1546455682238	addons.productaddons	INFO	downloadXHR File download. status=200
1546455682295	addons.productaddons	INFO	Downloaded file will be saved to /tmp/tmpaddon-983152

Build info: version: '2.45.0', revision: '5017cb8e7ca8e37638dc3091b2440b90a1d8686f', time: '2015-02-27 09:10:26'
System info: host: 'fernando-inspiron-5537', ip: '10.19.2.234', os.name: 'Linux', os.arch: 'amd64', os.version: '4.18.0-13-generic', java.version: '1.8.0_191'
Driver info: driver.version: FirefoxDriver
	at org.openqa.selenium.firefox.internal.NewProfileExtensionConnection.start(NewProfileExtensionConnection.java:130)
	at org.openqa.selenium.firefox.FirefoxDriver.startClient(FirefoxDriver.java:246)
	at org.openqa.selenium.remote.RemoteWebDriver.<init>(RemoteWebDriver.java:114)
	at org.openqa.selenium.firefox.FirefoxDriver.<init>(FirefoxDriver.java:191)
	at org.openqa.selenium.firefox.FirefoxDriver.<init>(FirefoxDriver.java:186)
	at org.openqa.selenium.firefox.FirefoxDriver.<init>(FirefoxDriver.java:182)
	at org.openqa.selenium.firefox.FirefoxDriver.<init>(FirefoxDriver.java:95)
	at example.NewTest.beforeTest(NewTest.java:24)
	at sun.reflect.NativeMethodAccessorImpl.invoke0(Native Method)
	at sun.reflect.NativeMethodAccessorImpl.invoke(NativeMethodAccessorImpl.java:62)
	at sun.reflect.DelegatingMethodAccessorImpl.invoke(DelegatingMethodAccessorImpl.java:43)
	at java.lang.reflect.Method.invoke(Method.java:498)
	at org.testng.internal.MethodInvocationHelper.invokeMethod(MethodInvocationHelper.java:80)
	at org.testng.internal.Invoker.invokeConfigurationMethod(Invoker.java:564)
	at org.testng.internal.Invoker.invokeConfigurations(Invoker.java:213)
	at org.testng.internal.Invoker.invokeConfigurations(Invoker.java:138)
	at org.testng.TestRunner.beforeRun(TestRunner.java:641)
	at org.testng.TestRunner.run(TestRunner.java:609)
	at org.testng.SuiteRunner.runTest(SuiteRunner.java:334)
	at org.testng.SuiteRunner.runSequentially(SuiteRunner.java:329)
	at org.testng.SuiteRunner.privateRun(SuiteRunner.java:291)
	at org.testng.SuiteRunner.run(SuiteRunner.java:240)
	at org.testng.SuiteRunnerWorker.runSuite(SuiteRunnerWorker.java:52)
	at org.testng.SuiteRunnerWorker.run(SuiteRunnerWorker.java:86)
	at org.testng.TestNG.runSuitesSequentially(TestNG.java:1198)
	at org.testng.TestNG.runSuitesLocally(TestNG.java:1123)
	at org.testng.TestNG.run(TestNG.java:1031)
	at org.testng.remote.AbstractRemoteTestNG.run(AbstractRemoteTestNG.java:114)
	at org.testng.remote.RemoteTestNG.initAndRun(RemoteTestNG.java:251)
	at org.testng.remote.RemoteTestNG.main(RemoteTestNG.java:77)
Caused by: org.openqa.selenium.firefox.NotConnectedException: Unable to connect to host 127.0.0.1 on port 7055 after 45000 ms. Firefox console output:
	Loading bootstrap scope from /usr/lib/firefox/browser/extensions/langpack-pt-BR@firefox.mozilla.org.xpi
1546455658552	addons.xpi	DEBUG	Calling bootstrap method startup on langpack-pt-BR@firefox.mozilla.org version 64.0
1546455658553	addons.xpi	DEBUG	Loading bootstrap scope from /usr/lib/firefox/browser/extensions/langpack-pt-PT@firefox.mozilla.org.xpi
1546455658553	addons.xpi	DEBUG	Calling bootstrap method startup on langpack-pt-PT@firefox.mozilla.org version 64.0
1546455658553	addons.xpi	DEBUG	Loading bootstrap scope from /usr/lib/firefox/browser/features/screenshots@mozilla.org.xpi
1546455658554	addons.xpi	DEBUG	Calling bootstrap method startup on screenshots@mozilla.org version 35.0.0
1546455658554	addons.xpi	DEBUG	Loading bootstrap scope from /usr/lib/firefox/browser/features/webcompat@mozilla.org.xpi
1546455658554	addons.xpi	DEBUG	Calling bootstrap method startup on webcompat@mozilla.org version 3.0.0
1546455658555	addons.manager	DEBUG	Registering shutdown blocker for XPIProvider
1546455658556	addons.manager	DEBUG	Provider finished startup: XPIProvider
1546455658556	addons.manager	DEBUG	Starting provider: LightweightThemeManager
1546455658556	addons.manager	DEBUG	Registering shutdown blocker for LightweightThemeManager
1546455658556	addons.manager	DEBUG	Provider finished startup: LightweightThemeManager
1546455658556	addons.manager	DEBUG	Starting provider: GMPProvider
1546455658557	addons.manager	DEBUG	Registering shutdown blocker for GMPProvider
1546455658557	addons.manager	DEBUG	Provider finished startup: GMPProvider
1546455658557	addons.manager	DEBUG	Starting provider: PluginProvider
1546455658557	addons.manager	DEBUG	Registering shutdown blocker for PluginProvider
1546455658558	addons.manager	DEBUG	Provider finished startup: PluginProvider
1546455658560	addons.manager	DEBUG	Completed startup sequence

(firefox:16964): Gtk-WARNING **: 17:00:58.663: Theme parsing error: <data>:1:31: Expected ')' in color definition

(firefox:16964): Gtk-WARNING **: 17:00:58.663: Theme parsing error: <data>:1:75: Expected ')' in color definition
1546455659891	addons.xpi-utils	DEBUG	Starting async load of XPI database /tmp/anonymous5795860199391908305webdriver-profile/extensions.json
1546455659910	addons.xpi	DEBUG	Ignoring file: name is not a valid add-on ID: /tmp/anonymous5795860199391908305webdriver-profile/extensions/webdriver-staging
1546455659911	addons.xpi	DEBUG	Existing add-on formautofill@mozilla.org in app-system-defaults
1546455659911	addons.xpi	DEBUG	Existing add-on screenshots@mozilla.org in app-system-defaults
1546455659911	addons.xpi	DEBUG	Existing add-on webcompat-reporter@mozilla.org in app-system-defaults
1546455659911	addons.xpi	DEBUG	Existing add-on webcompat@mozilla.org in app-system-defaults
1546455659912	addons.xpi	DEBUG	Existing add-on langpack-pt-PT@firefox.mozilla.org in app-global
1546455659912	addons.xpi	DEBUG	Existing add-on langpack-en-CA@firefox.mozilla.org in app-global
1546455659912	addons.xpi	DEBUG	Existing add-on langpack-pt-BR@firefox.mozilla.org in app-global
1546455659912	addons.xpi	DEBUG	Existing add-on langpack-en-GB@firefox.mozilla.org in app-global
1546455659912	addons.xpi	DEBUG	Existing add-on langpack-en-ZA@firefox.mozilla.org in app-global
1546455659913	addons.xpi	DEBUG	scanForChanges changed: false, state: {}
1546455660042	addons.xpi-utils	DEBUG	Finished async read of XPI database, parsing...
*** Blocklist::_loadFileInternal: blocklist is disabled
1546455660147	addons.xpi-utils	DEBUG	Successfully read XPI database
1546455660260	addons.manager	DEBUG	Registering upgrade listener for formautofill@mozilla.org
1546455679950	addons.productaddons	INFO	sending request to: https://aus5.mozilla.org/update/3/GMP/64.0/20181207224759/Linux_x86_64-gcc3/null/release-cck-ubuntu/Linux%204.18.0-13-generic%20(GTK%203.24.1%2Clibpulse%2012.2.0)/canonical/1.0/update.xml
1546455680810	addons.productaddons	INFO	Completed downloading document
1546455682238	addons.productaddons	INFO	downloadXHR File download. status=200
1546455682295	addons.productaddons	INFO	Downloaded file will be saved to /tmp/tmpaddon-983152

	at org.openqa.selenium.firefox.internal.NewProfileExtensionConnection.start(NewProfileExtensionConnection.java:118)
	... 29 more
]]>
    </failure>
  </testcase> <!-- myTest -->
</testsuite> <!-- example.NewTest -->
